{"numTotalTestSuites":73,"numPassedTestSuites":73,"numFailedTestSuites":0,"numPendingTestSuites":0,"numTotalTests":261,"numPassedTests":261,"numFailedTests":0,"numPendingTests":0,"numTodoTests":0,"snapshot":{"added":0,"failure":false,"filesAdded":0,"filesRemoved":0,"filesRemovedList":[],"filesUnmatched":0,"filesUpdated":0,"matched":0,"total":0,"unchecked":0,"uncheckedKeysByFile":[],"unmatched":0,"updated":0,"didUpdate":false},"startTime":1781312154451,"success":true,"testResults":[{"assertionResults":[{"ancestorTitles":["_localDateStr"],"fullName":"_localDateStr converts a UTC ISO string to a local YYYY-MM-DD string","status":"passed","title":"converts a UTC ISO string to a local YYYY-MM-DD string","duration":2.2289999999998145,"failureMessages":[],"meta":{},"tags":[]},{"ancestorTitles":["_localDateStr"],"fullName":"_localDateStr accepts a Date object","status":"passed","title":"accepts a Date object","duration":0.30789999999979045,"failureMessages":[],"meta":{},"tags":[]},{"ancestorTitles":["_buildDayMap — basic"],"fullName":"_buildDayMap — basic returns an empty map for empty sessions","status":"passed","title":"returns an empty map for empty sessions","duration":0.4272999999998319,"failureMessages":[],"meta":{},"tags":[]},{"ancestorTitles":["_buildDayMap — basic"],"fullName":"_buildDayMap — basic maps a single session to its start date","status":"passed","title":"maps a single session to its start date","duration":0.5275000000001455,"failureMessages":[],"meta":{},"tags":[]},{"ancestorTitles":["_buildDayMap — basic"],"fullName":"_buildDayMap — basic sums two sessions for the same game on the same day","status":"passed","title":"sums two sessions for the same game on the same day","duration":0.3731999999999971,"failureMessages":[],"meta":{},"tags":[]},{"ancestorTitles":["_buildDayMap — basic"],"fullName":"_buildDayMap — basic filters out flagged software","status":"passed","title":"filters out flagged software","duration":1.1041000000000167,"failureMessages":[],"meta":{},"tags":[]},{"ancestorTitles":["_splitAtMidnight"],"fullName":"_splitAtMidnight returns the session unchanged when start and end are on the same local day","status":"passed","title":"returns the session unchanged when start and end are on the same local day","duration":0.3289999999997235,"failureMessages":[],"meta":{},"tags":[]},{"ancestorTitles":["_splitAtMidnight"],"fullName":"_splitAtMidnight returns the session unchanged when endedAt is absent","status":"passed","title":"returns the session unchanged when endedAt is absent","duration":0.20200000000022555,"failureMessages":[],"meta":{},"tags":[]},{"ancestorTitles":["_splitAtMidnight"],"fullName":"_splitAtMidnight splits a cross-midnight session into two parts that sum to the total","status":"passed","title":"splits a cross-midnight session into two parts that sum to the total","duration":0.7889000000000124,"failureMessages":[],"meta":{},"tags":[]},{"ancestorTitles":["_buildDayMap — cross-midnight"],"fullName":"_buildDayMap — cross-midnight splits a cross-midnight session so each day shows only its own time","status":"passed","title":"splits a cross-midnight session so each day shows only its own time","duration":0.6972999999998137,"failureMessages":[],"meta":{},"tags":[]},{"ancestorTitles":["_buildDayMap — cross-midnight"],"fullName":"_buildDayMap — cross-midnight handles two separate same-game sessions on different days without cross-contamination","status":"passed","title":"handles two separate same-game sessions on different days without cross-contamination","duration":0.38360000000011496,"failureMessages":[],"meta":{},"tags":[]},{"ancestorTitles":["localMidnight"],"fullName":"localMidnight returns the Unix ms timestamp of midnight local time for a date string","status":"passed","title":"returns the Unix ms timestamp of midnight local time for a date string","duration":0.3184000000001106,"failureMessages":[],"meta":{},"tags":[]},{"ancestorTitles":["localMidnight"],"fullName":"localMidnight returns different timestamps for different dates","status":"passed","title":"returns different timestamps for different dates","duration":0.16919999999981883,"failureMessages":[],"meta":{},"tags":[]},{"ancestorTitles":["buildReleaseMap"],"fullName":"buildReleaseMap returns an empty map for empty input","status":"passed","title":"returns an empty map for empty input","duration":0.18440000000009604,"failureMessages":[],"meta":{},"tags":[]},{"ancestorTitles":["buildReleaseMap"],"fullName":"buildReleaseMap groups games by releaseDateIso","status":"passed","title":"groups games by releaseDateIso","duration":0.42590000000018335,"failureMessages":[],"meta":{},"tags":[]},{"ancestorTitles":["buildReleaseMap"],"fullName":"buildReleaseMap skips entries without a releaseDateIso","status":"passed","title":"skips entries without a releaseDateIso","duration":0.1317999999996573,"failureMessages":[],"meta":{},"tags":[]},{"ancestorTitles":["buildCell"],"fullName":"buildCell renders a basic empty cell with the day number","status":"passed","title":"renders a basic empty cell with the day number","duration":0.5064000000002125,"failureMessages":[],"meta":{},"tags":[]},{"ancestorTitles":["buildCell"],"fullName":"buildCell adds today class when isToday is true","status":"passed","title":"adds today class when isToday is true","duration":0.12750000000005457,"failureMessages":[],"meta":{},"tags":[]},{"ancestorTitles":["buildCell"],"fullName":"buildCell adds played class and entry link when entries are present","status":"passed","title":"adds played class and entry link when entries are present","duration":0.310399999999845,"failureMessages":[],"meta":{},"tags":[]},{"ancestorTitles":["buildCell"],"fullName":"buildCell adds release-day class when releases are present","status":"passed","title":"adds release-day class when releases are present","duration":0.2134000000000924,"failureMessages":[],"meta":{},"tags":[]},{"ancestorTitles":["buildCell"],"fullName":"buildCell formats duration: minutes only","status":"passed","title":"formats duration: minutes only","duration":0.1334999999999127,"failureMessages":[],"meta":{},"tags":[]},{"ancestorTitles":["buildCell"],"fullName":"buildCell formats duration: hours only (no minutes)","status":"passed","title":"formats duration: hours only (no minutes)","duration":0.1489000000001397,"failureMessages":[],"meta":{},"tags":[]},{"ancestorTitles":["buildCell"],"fullName":"buildCell formats duration: hours and minutes","status":"passed","title":"formats duration: hours and minutes","duration":0.11419999999998254,"failureMessages":[],"meta":{},"tags":[]},{"ancestorTitles":["buildCell"],"fullName":"buildCell formats zero duration as 0m","status":"passed","title":"formats zero duration as 0m","duration":0.12130000000024665,"failureMessages":[],"meta":{},"tags":[]},{"ancestorTitles":["buildCell"],"fullName":"buildCell shows overflow badge when more than 3 total items","status":"passed","title":"shows overflow badge when more than 3 total items","duration":0.20209999999997308,"failureMessages":[],"meta":{},"tags":[]},{"ancestorTitles":["buildCell"],"fullName":"buildCell releases appear before play entries in the display","status":"passed","title":"releases appear before play entries in the display","duration":0.19509999999991123,"failureMessages":[],"meta":{},"tags":[]},{"ancestorTitles":["buildCell"],"fullName":"buildCell entries are sorted by durationMin descending","status":"passed","title":"entries are sorted by durationMin descending","duration":0.16499999999996362,"failureMessages":[],"meta":{},"tags":[]},{"ancestorTitles":["buildMonth"],"fullName":"buildMonth renders a month container with the correct name","status":"passed","title":"renders a month container with the correct name","duration":0.4054000000000997,"failureMessages":[],"meta":{},"tags":[]},{"ancestorTitles":["buildMonth"],"fullName":"buildMonth marks the current month with id=\"cal-month-current\"","status":"passed","title":"marks the current month with id=\"cal-month-current\"","duration":0.17990000000008877,"failureMessages":[],"meta":{},"tags":[]},{"ancestorTitles":["buildMonth"],"fullName":"buildMonth does not mark a non-current month","status":"passed","title":"does not mark a non-current month","duration":0.15960000000040964,"failureMessages":[],"meta":{},"tags":[]},{"ancestorTitles":["buildMonth"],"fullName":"buildMonth includes all day-of-week headers","status":"passed","title":"includes all day-of-week headers","duration":0.29979999999977736,"failureMessages":[],"meta":{},"tags":[]},{"ancestorTitles":["buildMonth"],"fullName":"buildMonth generates empty leading cells for the first day-of-week offset","status":"passed","title":"generates empty leading cells for the first day-of-week offset","duration":0.2134000000000924,"failureMessages":[],"meta":{},"tags":[]},{"ancestorTitles":["buildMonth"],"fullName":"buildMonth in play mode, shows played entries from dayMap","status":"passed","title":"in play mode, shows played entries from dayMap","duration":0.20719999999982974,"failureMessages":[],"meta":{},"tags":[]},{"ancestorTitles":["buildMonth"],"fullName":"buildMonth in releases mode, shows release entries from releaseMap","status":"passed","title":"in releases mode, shows release entries from releaseMap","duration":0.16920000000027358,"failureMessages":[],"meta":{},"tags":[]},{"ancestorTitles":["buildMonth"],"fullName":"buildMonth in releases mode, does not show play entries","status":"passed","title":"in releases mode, does not show play entries","duration":0.1671000000001186,"failureMessages":[],"meta":{},"tags":[]}],"startTime":1781312157002,"endTime":1781312157016.2073,"status":"passed","message":"","name":"C:/dev/gaming-journal/src/tests/calendar.test.ts"},{"assertionResults":[{"ancestorTitles":["JournalService","initial state"],"fullName":"JournalService initial state starts with an empty pages array","status":"passed","title":"starts with an empty pages array","duration":13.89599999999973,"failureMessages":[],"meta":{},"tags":[]},{"ancestorTitles":["JournalService","create"],"fullName":"JournalService create returns a page with a generated id","status":"passed","title":"returns a page with a generated id","duration":21.370300000000043,"failureMessages":[],"meta":{},"tags":[]},{"ancestorTitles":["JournalService","create"],"fullName":"JournalService create sets type and title from input","status":"passed","title":"sets type and title from input","duration":20.29379999999992,"failureMessages":[],"meta":{},"tags":[]},{"ancestorTitles":["JournalService","create"],"fullName":"JournalService create applies type defaults for list","status":"passed","title":"applies type defaults for list","duration":17.7800000000002,"failureMessages":[],"meta":{},"tags":[]},{"ancestorTitles":["JournalService","create"],"fullName":"JournalService create applies type defaults for progress","status":"passed","title":"applies type defaults for progress","duration":22.862100000000282,"failureMessages":[],"meta":{},"tags":[]},{"ancestorTitles":["JournalService","create"],"fullName":"JournalService create applies type defaults for notes","status":"passed","title":"applies type defaults for notes","duration":15.828500000000076,"failureMessages":[],"meta":{},"tags":[]},{"ancestorTitles":["JournalService","create"],"fullName":"JournalService create applies type defaults for page","status":"passed","title":"applies type defaults for page","duration":16.835599999999886,"failureMessages":[],"meta":{},"tags":[]},{"ancestorTitles":["JournalService","create"],"fullName":"JournalService create sets createdAt and updatedAt as ISO strings","status":"passed","title":"sets createdAt and updatedAt as ISO strings","duration":15.18100000000004,"failureMessages":[],"meta":{},"tags":[]},{"ancestorTitles":["JournalService","create"],"fullName":"JournalService create adds the page to getAll()","status":"passed","title":"adds the page to getAll()","duration":10.621299999999792,"failureMessages":[],"meta":{},"tags":[]},{"ancestorTitles":["JournalService","create"],"fullName":"JournalService create allows extra fields on create","status":"passed","title":"allows extra fields on create","duration":16.96170000000029,"failureMessages":[],"meta":{},"tags":[]},{"ancestorTitles":["JournalService","getById"],"fullName":"JournalService getById finds a page by id","status":"passed","title":"finds a page by id","duration":17.083000000000084,"failureMessages":[],"meta":{},"tags":[]},{"ancestorTitles":["JournalService","getById"],"fullName":"JournalService getById returns null for unknown id","status":"passed","title":"returns null for unknown id","duration":1.431999999999789,"failureMessages":[],"meta":{},"tags":[]},{"ancestorTitles":["JournalService","update"],"fullName":"JournalService update updates allowed fields","status":"passed","title":"updates allowed fields","duration":16.69230000000016,"failureMessages":[],"meta":{},"tags":[]},{"ancestorTitles":["JournalService","update"],"fullName":"JournalService update refreshes updatedAt","status":"passed","title":"refreshes updatedAt","duration":26.133600000000115,"failureMessages":[],"meta":{},"tags":[]},{"ancestorTitles":["JournalService","update"],"fullName":"JournalService update does not change type even if sent","status":"passed","title":"does not change type even if sent","duration":19.571599999999762,"failureMessages":[],"meta":{},"tags":[]},{"ancestorTitles":["JournalService","update"],"fullName":"JournalService update does not change id even if sent","status":"passed","title":"does not change id even if sent","duration":16.865000000000236,"failureMessages":[],"meta":{},"tags":[]},{"ancestorTitles":["JournalService","update"],"fullName":"JournalService update does not change createdAt even if sent","status":"passed","title":"does not change createdAt even if sent","duration":20.653999999999996,"failureMessages":[],"meta":{},"tags":[]},{"ancestorTitles":["JournalService","update"],"fullName":"JournalService update returns null for unknown id","status":"passed","title":"returns null for unknown id","duration":2.355800000000272,"failureMessages":[],"meta":{},"tags":[]},{"ancestorTitles":["JournalService","remove"],"fullName":"JournalService remove removes a page and returns true","status":"passed","title":"removes a page and returns true","duration":19.209400000000187,"failureMessages":[],"meta":{},"tags":[]},{"ancestorTitles":["JournalService","remove"],"fullName":"JournalService remove returns false for unknown id","status":"passed","title":"returns false for unknown id","duration":1.195799999999963,"failureMessages":[],"meta":{},"tags":[]},{"ancestorTitles":["JournalService","remove"],"fullName":"JournalService remove does not affect other pages when one is removed","status":"passed","title":"does not affect other pages when one is removed","duration":17.457000000000335,"failureMessages":[],"meta":{},"tags":[]},{"ancestorTitles":["JournalService","persistence"],"fullName":"JournalService persistence reloads pages from disk after flush","status":"passed","title":"reloads pages from disk after flush","duration":17.560199999999895,"failureMessages":[],"meta":{},"tags":[]}],"startTime":1781312156974,"endTime":1781312157322.5603,"status":"passed","message":"","name":"C:/dev/gaming-journal/src/tests/journalService.test.ts"},{"assertionResults":[{"ancestorTitles":["localWishlistService","getAll"],"fullName":"localWishlistService getAll returns empty items on a fresh file","status":"passed","title":"returns empty items on a fresh file","duration":14.940999999999804,"failureMessages":[],"meta":{},"tags":[]},{"ancestorTitles":["localWishlistService","add"],"fullName":"localWishlistService add persists a new item with a dateAdded timestamp","status":"passed","title":"persists a new item with a dateAdded timestamp","duration":31.85189999999966,"failureMessages":[],"meta":{},"tags":[]},{"ancestorTitles":["localWishlistService","add"],"fullName":"localWishlistService add returns the item that was added","status":"passed","title":"returns the item that was added","duration":19.611500000000433,"failureMessages":[],"meta":{},"tags":[]},{"ancestorTitles":["localWishlistService","add"],"fullName":"localWishlistService add is idempotent — adding the same appid twice does not duplicate","status":"passed","title":"is idempotent — adding the same appid twice does not duplicate","duration":32.92189999999982,"failureMessages":[],"meta":{},"tags":[]},{"ancestorTitles":["localWishlistService","add"],"fullName":"localWishlistService add can add multiple distinct games","status":"passed","title":"can add multiple distinct games","duration":63.39559999999983,"failureMessages":[],"meta":{},"tags":[]},{"ancestorTitles":["localWishlistService","remove"],"fullName":"localWishlistService remove removes an existing item","status":"passed","title":"removes an existing item","duration":34.70539999999983,"failureMessages":[],"meta":{},"tags":[]},{"ancestorTitles":["localWishlistService","remove"],"fullName":"localWishlistService remove is a no-op when removing a non-existent item","status":"passed","title":"is a no-op when removing a non-existent item","duration":19.524700000000394,"failureMessages":[],"meta":{},"tags":[]},{"ancestorTitles":["localWishlistService","remove"],"fullName":"localWishlistService remove only removes the targeted item","status":"passed","title":"only removes the targeted item","duration":62.63299999999981,"failureMessages":[],"meta":{},"tags":[]},{"ancestorTitles":["localWishlistService","cleanupOwned"],"fullName":"localWishlistService cleanupOwned removes items that are in the owned set","status":"passed","title":"removes items that are in the owned set","duration":69.8418999999999,"failureMessages":[],"meta":{},"tags":[]},{"ancestorTitles":["localWishlistService","cleanupOwned"],"fullName":"localWishlistService cleanupOwned returns true when items were removed","status":"passed","title":"returns true when items were removed","duration":28.73770000000013,"failureMessages":[],"meta":{},"tags":[]},{"ancestorTitles":["localWishlistService","cleanupOwned"],"fullName":"localWishlistService cleanupOwned returns false when nothing was removed","status":"passed","title":"returns false when nothing was removed","duration":15.679700000000139,"failureMessages":[],"meta":{},"tags":[]},{"ancestorTitles":["localWishlistService","cleanupOwned"],"fullName":"localWishlistService cleanupOwned handles an empty owned list gracefully","status":"passed","title":"handles an empty owned list gracefully","duration":16.529699999999593,"failureMessages":[],"meta":{},"tags":[]}],"startTime":1781312156968,"endTime":1781312157379.5298,"status":"passed","message":"","name":"C:/dev/gaming-journal/src/tests/localWishlist.test.ts"},{"assertionResults":[{"ancestorTitles":["_formatStderrChunk"],"fullName":"_formatStderrChunk returns empty string unchanged","status":"passed","title":"returns empty string unchanged","duration":2.2874000000001615,"failureMessages":[],"meta":{},"tags":[]},{"ancestorTitles":["_formatStderrChunk"],"fullName":"_formatStderrChunk returns whitespace-only strings unchanged","status":"passed","title":"returns whitespace-only strings unchanged","duration":0.2665999999999258,"failureMessages":[],"meta":{},"tags":[]},{"ancestorTitles":["_formatStderrChunk"],"fullName":"_formatStderrChunk returns already-formatted ISO lines unchanged","status":"passed","title":"returns already-formatted ISO lines unchanged","duration":0.2581000000000131,"failureMessages":[],"meta":{},"tags":[]},{"ancestorTitles":["_formatStderrChunk"],"fullName":"_formatStderrChunk prefixes unformatted lines with a timestamp and STDERR label","status":"passed","title":"prefixes unformatted lines with a timestamp and STDERR label","duration":0.8629000000000815,"failureMessages":[],"meta":{},"tags":[]},{"ancestorTitles":["_formatStderrChunk"],"fullName":"_formatStderrChunk only prefixes the first line of multi-line output","status":"passed","title":"only prefixes the first line of multi-line output","duration":0.5473000000001775,"failureMessages":[],"meta":{},"tags":[]},{"ancestorTitles":["Logger"],"fullName":"Logger debug() does not throw","status":"passed","title":"debug() does not throw","duration":6.445600000000013,"failureMessages":[],"meta":{},"tags":[]},{"ancestorTitles":["Logger"],"fullName":"Logger info() does not throw","status":"passed","title":"info() does not throw","duration":1.2735999999999876,"failureMessages":[],"meta":{},"tags":[]},{"ancestorTitles":["Logger"],"fullName":"Logger warn() does not throw","status":"passed","title":"warn() does not throw","duration":1.2591999999999643,"failureMessages":[],"meta":{},"tags":[]},{"ancestorTitles":["Logger"],"fullName":"Logger error() does not throw","status":"passed","title":"error() does not throw","duration":0.9088999999999032,"failureMessages":[],"meta":{},"tags":[]},{"ancestorTitles":["Logger"],"fullName":"Logger accepts a plain object as meta","status":"passed","title":"accepts a plain object as meta","duration":0.9132999999997082,"failureMessages":[],"meta":{},"tags":[]},{"ancestorTitles":["Logger"],"fullName":"Logger accepts an Error as meta","status":"passed","title":"accepts an Error as meta","duration":0.8870999999999185,"failureMessages":[],"meta":{},"tags":[]},{"ancestorTitles":["Logger"],"fullName":"Logger startup() writes a banner without throwing","status":"passed","title":"startup() writes a banner without throwing","duration":0.3998999999998887,"failureMessages":[],"meta":{},"tags":[]},{"ancestorTitles":["Logger"],"fullName":"Logger startup() works with no arguments","status":"passed","title":"startup() works with no arguments","duration":0.347700000000259,"failureMessages":[],"meta":{},"tags":[]},{"ancestorTitles":["Logger"],"fullName":"Logger startup() works with version omitted","status":"passed","title":"startup() works with version omitted","duration":0.2582999999999629,"failureMessages":[],"meta":{},"tags":[]},{"ancestorTitles":["StreamLogger"],"fullName":"StreamLogger stream() returns an object with debug/info/warn/error methods","status":"passed","title":"stream() returns an object with debug/info/warn/error methods","duration":0.23299999999971988,"failureMessages":[],"meta":{},"tags":[]},{"ancestorTitles":["StreamLogger"],"fullName":"StreamLogger stream().debug() does not throw","status":"passed","title":"stream().debug() does not throw","duration":0.6538000000000466,"failureMessages":[],"meta":{},"tags":[]},{"ancestorTitles":["StreamLogger"],"fullName":"StreamLogger stream().info() does not throw","status":"passed","title":"stream().info() does not throw","duration":0.50649999999996,"failureMessages":[],"meta":{},"tags":[]},{"ancestorTitles":["StreamLogger"],"fullName":"StreamLogger stream().warn() does not throw","status":"passed","title":"stream().warn() does not throw","duration":0.5417999999999665,"failureMessages":[],"meta":{},"tags":[]},{"ancestorTitles":["StreamLogger"],"fullName":"StreamLogger stream().error() does not throw","status":"passed","title":"stream().error() does not throw","duration":0.48649999999997817,"failureMessages":[],"meta":{},"tags":[]},{"ancestorTitles":["StreamLogger"],"fullName":"StreamLogger includes the stream name in stdout output","status":"passed","title":"includes the stream name in stdout output","duration":0.4630000000001928,"failureMessages":[],"meta":{},"tags":[]}],"startTime":1781312156973,"endTime":1781312156994.463,"status":"passed","message":"","name":"C:/dev/gaming-journal/src/tests/logger.test.ts"},{"assertionResults":[{"ancestorTitles":["ManagedFile — constructor"],"fullName":"ManagedFile — constructor throws when filePath is missing","status":"passed","title":"throws when filePath is missing","duration":2.1696999999999207,"failureMessages":[],"meta":{},"tags":[]},{"ancestorTitles":["ManagedFile — constructor"],"fullName":"ManagedFile — constructor throws when name is missing","status":"passed","title":"throws when name is missing","duration":0.3125,"failureMessages":[],"meta":{},"tags":[]},{"ancestorTitles":["ManagedFile — constructor"],"fullName":"ManagedFile — constructor throws when defaultValue is not a function","status":"passed","title":"throws when defaultValue is not a function","duration":0.2154000000000451,"failureMessages":[],"meta":{},"tags":[]},{"ancestorTitles":["ManagedFile — load from file"],"fullName":"ManagedFile — load from file loads value from an existing file","status":"passed","title":"loads value from an existing file","duration":7.6039999999998145,"failureMessages":[],"meta":{},"tags":[]},{"ancestorTitles":["ManagedFile — load from file"],"fullName":"ManagedFile — load from file uses default value when file does not exist (checkpoint enabled)","status":"passed","title":"uses default value when file does not exist (checkpoint enabled)","duration":2.1608000000001084,"failureMessages":[],"meta":{},"tags":[]},{"ancestorTitles":["ManagedFile — load from file"],"fullName":"ManagedFile — load from file uses default value when file does not exist (checkpoint disabled)","status":"passed","title":"uses default value when file does not exist (checkpoint disabled)","duration":1.521900000000187,"failureMessages":[],"meta":{},"tags":[]},{"ancestorTitles":["ManagedFile — load from file"],"fullName":"ManagedFile — load from file load() is idempotent — second call is a no-op","status":"passed","title":"load() is idempotent — second call is a no-op","duration":1.3597999999997228,"failureMessages":[],"meta":{},"tags":[]},{"ancestorTitles":["ManagedFile — checkpoint fallback"],"fullName":"ManagedFile — checkpoint fallback falls back to checkpoint when main file is missing","status":"passed","title":"falls back to checkpoint when main file is missing","duration":4.510499999999865,"failureMessages":[],"meta":{},"tags":[]},{"ancestorTitles":["ManagedFile — checkpoint fallback"],"fullName":"ManagedFile — checkpoint fallback falls back to checkpoint when main file is corrupt","status":"passed","title":"falls back to checkpoint when main file is corrupt","duration":5.9802999999997155,"failureMessages":[],"meta":{},"tags":[]},{"ancestorTitles":["ManagedFile — checkpoint fallback"],"fullName":"ManagedFile — checkpoint fallback uses default when main is missing and checkpoint is missing","status":"passed","title":"uses default when main is missing and checkpoint is missing","duration":2.2849999999998545,"failureMessages":[],"meta":{},"tags":[]},{"ancestorTitles":["ManagedFile — checkpoint fallback"],"fullName":"ManagedFile — checkpoint fallback uses default when main is missing and checkpoint is corrupt","status":"passed","title":"uses default when main is missing and checkpoint is corrupt","duration":5.411599999999908,"failureMessages":[],"meta":{},"tags":[]},{"ancestorTitles":["ManagedFile — checkpoint fallback"],"fullName":"ManagedFile — checkpoint fallback throws when main is corrupt and checkpoint is disabled","status":"passed","title":"throws when main is corrupt and checkpoint is disabled","duration":4.870499999999993,"failureMessages":[],"meta":{},"tags":[]},{"ancestorTitles":["ManagedFile — get/set/flush"],"fullName":"ManagedFile — get/set/flush get() throws before load","status":"passed","title":"get() throws before load","duration":1.6006999999999607,"failureMessages":[],"meta":{},"tags":[]},{"ancestorTitles":["ManagedFile — get/set/flush"],"fullName":"ManagedFile — get/set/flush set() throws before load","status":"passed","title":"set() throws before load","duration":1.6388999999999214,"failureMessages":[],"meta":{},"tags":[]},{"ancestorTitles":["ManagedFile — get/set/flush"],"fullName":"ManagedFile — get/set/flush set() + flush() persists value to disk","status":"passed","title":"set() + flush() persists value to disk","duration":13.5625,"failureMessages":[],"meta":{},"tags":[]},{"ancestorTitles":["ManagedFile — get/set/flush"],"fullName":"ManagedFile — get/set/flush flush() is a no-op when not dirty","status":"passed","title":"flush() is a no-op when not dirty","duration":1.6694000000002234,"failureMessages":[],"meta":{},"tags":[]},{"ancestorTitles":["ManagedFile — get/set/flush"],"fullName":"ManagedFile — get/set/flush two set() calls followed by one flush() writes the latest value","status":"passed","title":"two set() calls followed by one flush() writes the latest value","duration":15.065900000000056,"failureMessages":[],"meta":{},"tags":[]},{"ancestorTitles":["ManagedFile — get/set/flush"],"fullName":"ManagedFile — get/set/flush flush() after flush() + set() writes the new value (post-flush dirty cycle)","status":"passed","title":"flush() after flush() + set() writes the new value (post-flush dirty cycle)","duration":20.7820999999999,"failureMessages":[],"meta":{},"tags":[]},{"ancestorTitles":["ManagedFile — get/set/flush"],"fullName":"ManagedFile — get/set/flush flush() writes a checkpoint file","status":"passed","title":"flush() writes a checkpoint file","duration":79.31399999999985,"failureMessages":[],"meta":{},"tags":[]},{"ancestorTitles":["ManagedFile — get/set/flush"],"fullName":"ManagedFile — get/set/flush checkpoint is not written when enableCheckpoint is false","status":"passed","title":"checkpoint is not written when enableCheckpoint is false","duration":61.66240000000016,"failureMessages":[],"meta":{},"tags":[]},{"ancestorTitles":["ManagedFile — close"],"fullName":"ManagedFile — close close() flushes dirty state to disk","status":"passed","title":"close() flushes dirty state to disk","duration":18.308700000000044,"failureMessages":[],"meta":{},"tags":[]},{"ancestorTitles":["ManagedFile — close"],"fullName":"ManagedFile — close close() is safe to call when not dirty","status":"passed","title":"close() is safe to call when not dirty","duration":1.6583000000000538,"failureMessages":[],"meta":{},"tags":[]},{"ancestorTitles":["ManagedFile — getStats"],"fullName":"ManagedFile — getStats returns the expected shape after load","status":"passed","title":"returns the expected shape after load","duration":1.4239000000002306,"failureMessages":[],"meta":{},"tags":[]},{"ancestorTitles":["ManagedFile — getStats"],"fullName":"ManagedFile — getStats writeCount increments after each flush","status":"passed","title":"writeCount increments after each flush","duration":27.460199999999986,"failureMessages":[],"meta":{},"tags":[]},{"ancestorTitles":["ManagedFile — getStats"],"fullName":"ManagedFile — getStats lastFlushedAt is set after flush","status":"passed","title":"lastFlushedAt is set after flush","duration":12.73739999999998,"failureMessages":[],"meta":{},"tags":[]},{"ancestorTitles":["ManagedFile — getStats"],"fullName":"ManagedFile — getStats reports prevMetrics when auditMetrics is provided","status":"passed","title":"reports prevMetrics when auditMetrics is provided","duration":1.176300000000083,"failureMessages":[],"meta":{},"tags":[]},{"ancestorTitles":["ManagedFile — getStats"],"fullName":"ManagedFile — getStats pendingFlushInMs is non-null while a scheduled flush is pending","status":"passed","title":"pendingFlushInMs is non-null while a scheduled flush is pending","duration":12.513100000000122,"failureMessages":[],"meta":{},"tags":[]},{"ancestorTitles":["ManagedFile — audit"],"fullName":"ManagedFile — audit throws on audit violation in set() and increments auditViolationCount","status":"passed","title":"throws on audit violation in set() and increments auditViolationCount","duration":20.534799999999905,"failureMessages":[],"meta":{},"tags":[]},{"ancestorTitles":["ManagedFile — audit"],"fullName":"ManagedFile — audit audit violation creates a quarantine file","status":"passed","title":"audit violation creates a quarantine file","duration":75.39629999999988,"failureMessages":[],"meta":{},"tags":[]},{"ancestorTitles":["ManagedFile — backup"],"fullName":"ManagedFile — backup backup() is a no-op before load","status":"passed","title":"backup() is a no-op before load","duration":1.115799999999581,"failureMessages":[],"meta":{},"tags":[]},{"ancestorTitles":["ManagedFile — backup"],"fullName":"ManagedFile — backup backup() creates a timestamped file in backupDir","status":"passed","title":"backup() creates a timestamped file in backupDir","duration":8.1871000000001,"failureMessages":[],"meta":{},"tags":[]},{"ancestorTitles":["ManagedFile — backup"],"fullName":"ManagedFile — backup prunes old backups when over backupKeep limit","status":"passed","title":"prunes old backups when over backupKeep limit","duration":106.67190000000028,"failureMessages":[],"meta":{},"tags":[]},{"ancestorTitles":["ManagedFile — backup"],"fullName":"ManagedFile — backup automatic backup triggers during flush when backupIntervalMs has elapsed","status":"passed","title":"automatic backup triggers during flush when backupIntervalMs has elapsed","duration":119.02419999999984,"failureMessages":[],"meta":{},"tags":[]},{"ancestorTitles":["ManagedFile — backup"],"fullName":"ManagedFile — backup creates initial backup on first load when no existing backup","status":"passed","title":"creates initial backup on first load when no existing backup","duration":107.66859999999997,"failureMessages":[],"meta":{},"tags":[]},{"ancestorTitles":["ManagedFile — backup"],"fullName":"ManagedFile — backup skips initial backup when a backup already exists","status":"passed","title":"skips initial backup when a backup already exists","duration":124.45969999999988,"failureMessages":[],"meta":{},"tags":[]}],"startTime":1781312156955,"endTime":1781312157828.4597,"status":"passed","message":"","name":"C:/dev/gaming-journal/src/tests/managedFile.test.ts"},{"assertionResults":[{"ancestorTitles":["parseListItems"],"fullName":"parseListItems returns empty array for an empty list","status":"passed","title":"returns empty array for an empty list","duration":25.666099999999915,"failureMessages":[],"meta":{},"tags":[]},{"ancestorTitles":["parseListItems"],"fullName":"parseListItems returns flat items at depth 0","status":"passed","title":"returns flat items at depth 0","duration":21.208599999999933,"failureMessages":[],"meta":{},"tags":[]},{"ancestorTitles":["parseListItems"],"fullName":"parseListItems returns nested items at depth 1","status":"passed","title":"returns nested items at depth 1","duration":13.629299999999603,"failureMessages":[],"meta":{},"tags":[]},{"ancestorTitles":["parseListItems"],"fullName":"parseListItems excludes nested list markup from the parent item html","status":"passed","title":"excludes nested list markup from the parent item html","duration":11.711699999999837,"failureMessages":[],"meta":{},"tags":[]},{"ancestorTitles":["parseListItems"],"fullName":"parseListItems handles two levels of nesting","status":"passed","title":"handles two levels of nesting","duration":10.29509999999982,"failureMessages":[],"meta":{},"tags":[]},{"ancestorTitles":["parseListItems"],"fullName":"parseListItems handles multiple siblings at each level","status":"passed","title":"handles multiple siblings at each level","duration":12.06860000000006,"failureMessages":[],"meta":{},"tags":[]},{"ancestorTitles":["parseListItems"],"fullName":"parseListItems handles ol nested inside li","status":"passed","title":"handles ol nested inside li","duration":13.028400000000147,"failureMessages":[],"meta":{},"tags":[]},{"ancestorTitles":["applyIndent — indent"],"fullName":"applyIndent — indent increases depth for items in range","status":"passed","title":"increases depth for items in range","duration":0.24109999999973297,"failureMessages":[],"meta":{},"tags":[]},{"ancestorTitles":["applyIndent — indent"],"fullName":"applyIndent — indent does not mutate the original array","status":"passed","title":"does not mutate the original array","duration":0.1394999999997708,"failureMessages":[],"meta":{},"tags":[]},{"ancestorTitles":["applyIndent — indent"],"fullName":"applyIndent — indent clamps endIdx to the last item","status":"passed","title":"clamps endIdx to the last item","duration":0.17539999999962674,"failureMessages":[],"meta":{},"tags":[]},{"ancestorTitles":["applyIndent — outdent"],"fullName":"applyIndent — outdent decreases depth for items in range","status":"passed","title":"decreases depth for items in range","duration":0.13959999999997308,"failureMessages":[],"meta":{},"tags":[]},{"ancestorTitles":["applyIndent — outdent"],"fullName":"applyIndent — outdent floors depth at 0 when already at root","status":"passed","title":"floors depth at 0 when already at root","duration":0.104200000000219,"failureMessages":[],"meta":{},"tags":[]},{"ancestorTitles":["applyIndent — out-of-bounds startIdx"],"fullName":"applyIndent — out-of-bounds startIdx returns items unchanged when startIdx is negative","status":"passed","title":"returns items unchanged when startIdx is negative","duration":0.08989999999994325,"failureMessages":[],"meta":{},"tags":[]},{"ancestorTitles":["applyIndent — out-of-bounds startIdx"],"fullName":"applyIndent — out-of-bounds startIdx returns items unchanged when startIdx is at or past items length","status":"passed","title":"returns items unchanged when startIdx is at or past items length","duration":0.07409999999981665,"failureMessages":[],"meta":{},"tags":[]},{"ancestorTitles":["renderListItems"],"fullName":"renderListItems returns empty string for empty items","status":"passed","title":"returns empty string for empty items","duration":0.12289999999984502,"failureMessages":[],"meta":{},"tags":[]},{"ancestorTitles":["renderListItems"],"fullName":"renderListItems renders flat items as sibling <li> elements","status":"passed","title":"renders flat items as sibling <li> elements","duration":0.13059999999995853,"failureMessages":[],"meta":{},"tags":[]},{"ancestorTitles":["renderListItems"],"fullName":"renderListItems uses the supplied tag for nested lists","status":"passed","title":"uses the supplied tag for nested lists","duration":0.10620000000017171,"failureMessages":[],"meta":{},"tags":[]},{"ancestorTitles":["renderListItems"],"fullName":"renderListItems nests a child item inside its parent <li>","status":"passed","title":"nests a child item inside its parent <li>","duration":0.09180000000014843,"failureMessages":[],"meta":{},"tags":[]},{"ancestorTitles":["renderListItems"],"fullName":"renderListItems handles multiple children under one parent","status":"passed","title":"handles multiple children under one parent","duration":0.08570000000008804,"failureMessages":[],"meta":{},"tags":[]},{"ancestorTitles":["renderListItems"],"fullName":"renderListItems handles two levels of nesting","status":"passed","title":"handles two levels of nesting","duration":0.07919999999967331,"failureMessages":[],"meta":{},"tags":[]},{"ancestorTitles":["renderListItems"],"fullName":"renderListItems normalises items that start at a non-zero minimum depth","status":"passed","title":"normalises items that start at a non-zero minimum depth","duration":0.0739000000003216,"failureMessages":[],"meta":{},"tags":[]}],"startTime":1781312156958,"endTime":1781312157068.079,"status":"passed","message":"","name":"C:/dev/gaming-journal/src/tests/pageHelpers.test.ts"},{"assertionResults":[{"ancestorTitles":["barProgressPercent"],"fullName":"barProgressPercent returns 0 for a bar with no steps","status":"passed","title":"returns 0 for a bar with no steps","duration":1.9944000000000415,"failureMessages":[],"meta":{},"tags":[]},{"ancestorTitles":["barProgressPercent"],"fullName":"barProgressPercent returns 0 when all steps are optional","status":"passed","title":"returns 0 when all steps are optional","duration":0.3728000000000975,"failureMessages":[],"meta":{},"tags":[]},{"ancestorTitles":["barProgressPercent"],"fullName":"barProgressPercent returns 100 when all required steps are done","status":"passed","title":"returns 100 when all required steps are done","duration":0.2622000000001208,"failureMessages":[],"meta":{},"tags":[]},{"ancestorTitles":["barProgressPercent"],"fullName":"barProgressPercent returns 50 for half-done required steps","status":"passed","title":"returns 50 for half-done required steps","duration":0.22460000000000946,"failureMessages":[],"meta":{},"tags":[]},{"ancestorTitles":["barProgressPercent"],"fullName":"barProgressPercent ignores optional steps in both numerator and denominator","status":"passed","title":"ignores optional steps in both numerator and denominator","duration":0.21500000000014552,"failureMessages":[],"meta":{},"tags":[]},{"ancestorTitles":["barProgressPercent"],"fullName":"barProgressPercent defaults steps to [] when missing","status":"passed","title":"defaults steps to [] when missing","duration":0.19569999999976062,"failureMessages":[],"meta":{},"tags":[]},{"ancestorTitles":["percentToColor"],"fullName":"percentToColor returns done color at 100","status":"passed","title":"returns done color at 100","duration":0.29919999999992797,"failureMessages":[],"meta":{},"tags":[]},{"ancestorTitles":["percentToColor"],"fullName":"percentToColor returns done color above 100","status":"passed","title":"returns done color above 100","duration":0.14639999999963038,"failureMessages":[],"meta":{},"tags":[]},{"ancestorTitles":["percentToColor"],"fullName":"percentToColor returns working color at 50","status":"passed","title":"returns working color at 50","duration":0.16550000000006548,"failureMessages":[],"meta":{},"tags":[]},{"ancestorTitles":["percentToColor"],"fullName":"percentToColor returns working color between 50 and 99","status":"passed","title":"returns working color between 50 and 99","duration":0.1744000000003325,"failureMessages":[],"meta":{},"tags":[]},{"ancestorTitles":["percentToColor"],"fullName":"percentToColor returns started color at 1","status":"passed","title":"returns started color at 1","duration":0.1354999999998654,"failureMessages":[],"meta":{},"tags":[]},{"ancestorTitles":["percentToColor"],"fullName":"percentToColor returns started color between 1 and 49","status":"passed","title":"returns started color between 1 and 49","duration":0.09490000000005239,"failureMessages":[],"meta":{},"tags":[]},{"ancestorTitles":["percentToColor"],"fullName":"percentToColor returns dim color at 0","status":"passed","title":"returns dim color at 0","duration":0.08919999999989159,"failureMessages":[],"meta":{},"tags":[]},{"ancestorTitles":["globalSegments — type progress"],"fullName":"globalSegments — type progress returns empty array for no tasks","status":"passed","title":"returns empty array for no tasks","duration":0.6455999999998312,"failureMessages":[],"meta":{},"tags":[]},{"ancestorTitles":["globalSegments — type progress"],"fullName":"globalSegments — type progress maps tasks to segments with 1-based num","status":"passed","title":"maps tasks to segments with 1-based num","duration":0.24909999999999854,"failureMessages":[],"meta":{},"tags":[]},{"ancestorTitles":["globalSegments — type progress"],"fullName":"globalSegments — type progress done task gets done color","status":"passed","title":"done task gets done color","duration":0.20320000000037908,"failureMessages":[],"meta":{},"tags":[]},{"ancestorTitles":["globalSegments — type progress"],"fullName":"globalSegments — type progress non-done task gets its state color","status":"passed","title":"non-done task gets its state color","duration":0.17249999999967258,"failureMessages":[],"meta":{},"tags":[]},{"ancestorTitles":["globalSegments — type progress"],"fullName":"globalSegments — type progress optional flag is passed through","status":"passed","title":"optional flag is passed through","duration":0.10139999999955762,"failureMessages":[],"meta":{},"tags":[]},{"ancestorTitles":["globalSegments — type progress-bars"],"fullName":"globalSegments — type progress-bars maps bars to segments with barProgressPercent","status":"passed","title":"maps bars to segments with barProgressPercent","duration":0.2440999999998894,"failureMessages":[],"meta":{},"tags":[]},{"ancestorTitles":["globalSegments — type list"],"fullName":"globalSegments — type list done item gets done color","status":"passed","title":"done item gets done color","duration":0.19390000000021246,"failureMessages":[],"meta":{},"tags":[]},{"ancestorTitles":["globalSegments — type list"],"fullName":"globalSegments — type list undone item gets dim color","status":"passed","title":"undone item gets dim color","duration":0.11869999999998981,"failureMessages":[],"meta":{},"tags":[]},{"ancestorTitles":["globalSegments — type counter"],"fullName":"globalSegments — type counter returns a single segment","status":"passed","title":"returns a single segment","duration":0.1376999999997679,"failureMessages":[],"meta":{},"tags":[]},{"ancestorTitles":["globalSegments — type counter"],"fullName":"globalSegments — type counter calculates percent from current/target","status":"passed","title":"calculates percent from current/target","duration":0.10180000000036671,"failureMessages":[],"meta":{},"tags":[]},{"ancestorTitles":["globalSegments — type counter"],"fullName":"globalSegments — type counter returns dim color when target is 0","status":"passed","title":"returns dim color when target is 0","duration":0.0805000000000291,"failureMessages":[],"meta":{},"tags":[]},{"ancestorTitles":["globalSegments — type multi-counter"],"fullName":"globalSegments — type multi-counter maps each counter to a segment","status":"passed","title":"maps each counter to a segment","duration":0.15249999999969077,"failureMessages":[],"meta":{},"tags":[]},{"ancestorTitles":["globalSegments — type multi-counter"],"fullName":"globalSegments — type multi-counter uses fallback name when counter has no name","status":"passed","title":"uses fallback name when counter has no name","duration":0.09719999999970241,"failureMessages":[],"meta":{},"tags":[]},{"ancestorTitles":["globalSegments — unknown type"],"fullName":"globalSegments — unknown type returns empty array","status":"passed","title":"returns empty array","duration":0.10330000000021755,"failureMessages":[],"meta":{},"tags":[]},{"ancestorTitles":["pagePct — type progress"],"fullName":"pagePct — type progress returns 0 for empty tasks","status":"passed","title":"returns 0 for empty tasks","duration":0.1607000000003609,"failureMessages":[],"meta":{},"tags":[]},{"ancestorTitles":["pagePct — type progress"],"fullName":"pagePct — type progress includes optional tasks in the calculation (unlike progressPercent)","status":"passed","title":"includes optional tasks in the calculation (unlike progressPercent)","duration":0.09149999999999636,"failureMessages":[],"meta":{},"tags":[]},{"ancestorTitles":["pagePct — type progress"],"fullName":"pagePct — type progress returns 100 when all tasks are done","status":"passed","title":"returns 100 when all tasks are done","duration":0.07650000000012369,"failureMessages":[],"meta":{},"tags":[]},{"ancestorTitles":["pagePct — type progress-bars"],"fullName":"pagePct — type progress-bars returns 0 for empty bars","status":"passed","title":"returns 0 for empty bars","duration":0.08670000000029177,"failureMessages":[],"meta":{},"tags":[]},{"ancestorTitles":["pagePct — type progress-bars"],"fullName":"pagePct — type progress-bars counts steps across all bars including optional bars","status":"passed","title":"counts steps across all bars including optional bars","duration":0.10629999999991924,"failureMessages":[],"meta":{},"tags":[]},{"ancestorTitles":["pagePct — type progress-bars"],"fullName":"pagePct — type progress-bars excludes optional steps","status":"passed","title":"excludes optional steps","duration":0.0852999999997337,"failureMessages":[],"meta":{},"tags":[]},{"ancestorTitles":["pagePct — type counter"],"fullName":"pagePct — type counter returns 0 when target is 0","status":"passed","title":"returns 0 when target is 0","duration":0.10069999999996071,"failureMessages":[],"meta":{},"tags":[]},{"ancestorTitles":["pagePct — type counter"],"fullName":"pagePct — type counter returns percentage of current/target","status":"passed","title":"returns percentage of current/target","duration":0.08820000000014261,"failureMessages":[],"meta":{},"tags":[]},{"ancestorTitles":["pagePct — type counter"],"fullName":"pagePct — type counter caps at 100 when current exceeds target","status":"passed","title":"caps at 100 when current exceeds target","duration":0.09629999999970096,"failureMessages":[],"meta":{},"tags":[]},{"ancestorTitles":["pagePct — type multi-counter"],"fullName":"pagePct — type multi-counter returns 0 when total target is 0","status":"passed","title":"returns 0 when total target is 0","duration":0.15979999999990468,"failureMessages":[],"meta":{},"tags":[]},{"ancestorTitles":["pagePct — type multi-counter"],"fullName":"pagePct — type multi-counter sums across counters","status":"passed","title":"sums across counters","duration":0.13020000000005894,"failureMessages":[],"meta":{},"tags":[]},{"ancestorTitles":["pagePct — type multi-counter"],"fullName":"pagePct — type multi-counter caps at 100","status":"passed","title":"caps at 100","duration":0.15180000000009386,"failureMessages":[],"meta":{},"tags":[]},{"ancestorTitles":["pagePct — other types"],"fullName":"pagePct — other types returns 0 for unknown type","status":"passed","title":"returns 0 for unknown type","duration":0.11100000000033106,"failureMessages":[],"meta":{},"tags":[]},{"ancestorTitles":["segmentColor"],"fullName":"segmentColor returns done color for done state","status":"passed","title":"returns done color for done state","duration":0.09669999999960055,"failureMessages":[],"meta":{},"tags":[]},{"ancestorTitles":["segmentColor"],"fullName":"segmentColor returns working color for working state","status":"passed","title":"returns working color for working state","duration":0.07290000000011787,"failureMessages":[],"meta":{},"tags":[]},{"ancestorTitles":["segmentColor"],"fullName":"segmentColor returns started color for started state","status":"passed","title":"returns started color for started state","duration":0.06919999999990978,"failureMessages":[],"meta":{},"tags":[]},{"ancestorTitles":["segmentColor"],"fullName":"segmentColor returns DIM for unknown state","status":"passed","title":"returns DIM for unknown state","duration":0.10770000000002256,"failureMessages":[],"meta":{},"tags":[]},{"ancestorTitles":["stateLabel"],"fullName":"stateLabel returns display label for known states","status":"passed","title":"returns display label for known states","duration":0.10829999999987194,"failureMessages":[],"meta":{},"tags":[]},{"ancestorTitles":["stateLabel"],"fullName":"stateLabel returns empty string for unknown state","status":"passed","title":"returns empty string for unknown state","duration":0.1046000000001186,"failureMessages":[],"meta":{},"tags":[]},{"ancestorTitles":["percentToStateLabel"],"fullName":"percentToStateLabel returns Done at 100","status":"passed","title":"returns Done at 100","duration":0.10469999999986612,"failureMessages":[],"meta":{},"tags":[]},{"ancestorTitles":["percentToStateLabel"],"fullName":"percentToStateLabel returns Done above 100","status":"passed","title":"returns Done above 100","duration":0.11209999999982756,"failureMessages":[],"meta":{},"tags":[]},{"ancestorTitles":["percentToStateLabel"],"fullName":"percentToStateLabel returns Working at 50","status":"passed","title":"returns Working at 50","duration":0.08199999999987995,"failureMessages":[],"meta":{},"tags":[]},{"ancestorTitles":["percentToStateLabel"],"fullName":"percentToStateLabel returns Working between 50 and 99","status":"passed","title":"returns Working between 50 and 99","duration":0.0644999999999527,"failureMessages":[],"meta":{},"tags":[]},{"ancestorTitles":["percentToStateLabel"],"fullName":"percentToStateLabel returns Started at 1","status":"passed","title":"returns Started at 1","duration":0.07000000000016371,"failureMessages":[],"meta":{},"tags":[]},{"ancestorTitles":["percentToStateLabel"],"fullName":"percentToStateLabel returns Started between 1 and 49","status":"passed","title":"returns Started between 1 and 49","duration":0.06370000000015352,"failureMessages":[],"meta":{},"tags":[]},{"ancestorTitles":["percentToStateLabel"],"fullName":"percentToStateLabel returns empty string at 0","status":"passed","title":"returns empty string at 0","duration":0.06140000000004875,"failureMessages":[],"meta":{},"tags":[]},{"ancestorTitles":["heatmapRows"],"fullName":"heatmapRows returns empty array for empty pages","status":"passed","title":"returns empty array for empty pages","duration":0.13570000000026994,"failureMessages":[],"meta":{},"tags":[]},{"ancestorTitles":["heatmapRows"],"fullName":"heatmapRows includes progress pages","status":"passed","title":"includes progress pages","duration":0.18499999999994543,"failureMessages":[],"meta":{},"tags":[]},{"ancestorTitles":["heatmapRows"],"fullName":"heatmapRows includes progress-bars pages","status":"passed","title":"includes progress-bars pages","duration":0.08320000000003347,"failureMessages":[],"meta":{},"tags":[]},{"ancestorTitles":["heatmapRows"],"fullName":"heatmapRows includes list pages","status":"passed","title":"includes list pages","duration":0.07880000000022847,"failureMessages":[],"meta":{},"tags":[]},{"ancestorTitles":["heatmapRows"],"fullName":"heatmapRows excludes pages with other types","status":"passed","title":"excludes pages with other types","duration":0.07339999999976499,"failureMessages":[],"meta":{},"tags":[]},{"ancestorTitles":["heatmapRows"],"fullName":"heatmapRows filters and keeps only the allowed types from a mixed list","status":"passed","title":"filters and keeps only the allowed types from a mixed list","duration":0.2300000000000182,"failureMessages":[],"meta":{},"tags":[]},{"ancestorTitles":["heatmapRows"],"fullName":"heatmapRows cells field is the result of globalSegments for each page","status":"passed","title":"cells field is the result of globalSegments for each page","duration":0.14570000000003347,"failureMessages":[],"meta":{},"tags":[]},{"ancestorTitles":["globalSegments — missing field fallbacks"],"fullName":"globalSegments — missing field fallbacks progress with no tasks property returns empty array","status":"passed","title":"progress with no tasks property returns empty array","duration":0.09979999999995925,"failureMessages":[],"meta":{},"tags":[]},{"ancestorTitles":["globalSegments — missing field fallbacks"],"fullName":"globalSegments — missing field fallbacks progress-bars with no bars property returns empty array","status":"passed","title":"progress-bars with no bars property returns empty array","duration":0.10470000000032087,"failureMessages":[],"meta":{},"tags":[]},{"ancestorTitles":["globalSegments — missing field fallbacks"],"fullName":"globalSegments — missing field fallbacks list with no items property returns empty array","status":"passed","title":"list with no items property returns empty array","duration":0.1291999999998552,"failureMessages":[],"meta":{},"tags":[]},{"ancestorTitles":["globalSegments — missing field fallbacks"],"fullName":"globalSegments — missing field fallbacks multi-counter with no counters property returns empty array","status":"passed","title":"multi-counter with no counters property returns empty array","duration":0.14440000000013242,"failureMessages":[],"meta":{},"tags":[]},{"ancestorTitles":["globalSegments — missing field fallbacks"],"fullName":"globalSegments — missing field fallbacks counter with no target/current defaults to pct 0","status":"passed","title":"counter with no target/current defaults to pct 0","duration":0.12629999999990105,"failureMessages":[],"meta":{},"tags":[]},{"ancestorTitles":["globalSegments — missing field fallbacks"],"fullName":"globalSegments — missing field fallbacks multi-counter counter with target 0 gets pct 0","status":"passed","title":"multi-counter counter with target 0 gets pct 0","duration":0.12570000000005166,"failureMessages":[],"meta":{},"tags":[]},{"ancestorTitles":["pagePct — missing field fallbacks"],"fullName":"pagePct — missing field fallbacks progress with no tasks property returns 0","status":"passed","title":"progress with no tasks property returns 0","duration":0.11239999999997963,"failureMessages":[],"meta":{},"tags":[]},{"ancestorTitles":["pagePct — missing field fallbacks"],"fullName":"pagePct — missing field fallbacks progress-bars with no bars property returns 0","status":"passed","title":"progress-bars with no bars property returns 0","duration":0.09040000000004511,"failureMessages":[],"meta":{},"tags":[]},{"ancestorTitles":["pagePct — missing field fallbacks"],"fullName":"pagePct — missing field fallbacks counter with no target returns 0","status":"passed","title":"counter with no target returns 0","duration":0.07529999999997017,"failureMessages":[],"meta":{},"tags":[]},{"ancestorTitles":["pagePct — missing field fallbacks"],"fullName":"pagePct — missing field fallbacks counter with no current returns 0 (treated as 0 progress)","status":"passed","title":"counter with no current returns 0 (treated as 0 progress)","duration":0.07349999999996726,"failureMessages":[],"meta":{},"tags":[]},{"ancestorTitles":["pagePct — missing field fallbacks"],"fullName":"pagePct — missing field fallbacks multi-counter with no counters property returns 0","status":"passed","title":"multi-counter with no counters property returns 0","duration":0.07490000000007058,"failureMessages":[],"meta":{},"tags":[]},{"ancestorTitles":["pagePct — missing field fallbacks"],"fullName":"pagePct — missing field fallbacks multi-counter with counters missing target/current treats them as 0","status":"passed","title":"multi-counter with counters missing target/current treats them as 0","duration":0.07659999999987122,"failureMessages":[],"meta":{},"tags":[]}],"startTime":1781312156962,"endTime":1781312156975.0767,"status":"passed","message":"","name":"C:/dev/gaming-journal/src/tests/progressHelpers.test.ts"},{"assertionResults":[{"ancestorTitles":[],"fullName":"formatUptime: minutes only","status":"passed","title":"formatUptime: minutes only","duration":1.5315999999997985,"failureMessages":[],"meta":{},"tags":[]},{"ancestorTitles":[],"fullName":"formatUptime: zero seconds","status":"passed","title":"formatUptime: zero seconds","duration":0.1893000000000029,"failureMessages":[],"meta":{},"tags":[]},{"ancestorTitles":[],"fullName":"formatUptime: exactly one hour","status":"passed","title":"formatUptime: exactly one hour","duration":0.17599999999993088,"failureMessages":[],"meta":{},"tags":[]},{"ancestorTitles":[],"fullName":"formatUptime: hours and minutes","status":"passed","title":"formatUptime: hours and minutes","duration":0.17750000000023647,"failureMessages":[],"meta":{},"tags":[]},{"ancestorTitles":[],"fullName":"formatUptime: exactly one day","status":"passed","title":"formatUptime: exactly one day","duration":0.16800000000012005,"failureMessages":[],"meta":{},"tags":[]},{"ancestorTitles":[],"fullName":"formatUptime: days and hours","status":"passed","title":"formatUptime: days and hours","duration":0.11799999999993815,"failureMessages":[],"meta":{},"tags":[]},{"ancestorTitles":[],"fullName":"formatUptime: days only when no leftover hours","status":"passed","title":"formatUptime: days only when no leftover hours","duration":0.11999999999989086,"failureMessages":[],"meta":{},"tags":[]},{"ancestorTitles":[],"fullName":"GET /health: returns status ok","status":"passed","title":"GET /health: returns status ok","duration":3.8342999999999847,"failureMessages":[],"meta":{},"tags":[]},{"ancestorTitles":[],"fullName":"GET /health: returns uptime as non-empty string","status":"passed","title":"GET /health: returns uptime as non-empty string","duration":0.8316999999997279,"failureMessages":[],"meta":{},"tags":[]}],"startTime":1781312156969,"endTime":1781312156976.8318,"status":"passed","message":"","name":"C:/dev/gaming-journal/src/tests/server.test.ts"},{"assertionResults":[{"ancestorTitles":["escapeHtml"],"fullName":"escapeHtml returns empty string for null","status":"passed","title":"returns empty string for null","duration":1.7916000000000167,"failureMessages":[],"meta":{},"tags":[]},{"ancestorTitles":["escapeHtml"],"fullName":"escapeHtml returns empty string for undefined","status":"passed","title":"returns empty string for undefined","duration":0.3540000000002692,"failureMessages":[],"meta":{},"tags":[]},{"ancestorTitles":["escapeHtml"],"fullName":"escapeHtml returns plain text unchanged","status":"passed","title":"returns plain text unchanged","duration":0.21840000000020154,"failureMessages":[],"meta":{},"tags":[]},{"ancestorTitles":["escapeHtml"],"fullName":"escapeHtml escapes ampersand","status":"passed","title":"escapes ampersand","duration":0.2314000000001215,"failureMessages":[],"meta":{},"tags":[]},{"ancestorTitles":["escapeHtml"],"fullName":"escapeHtml escapes less-than","status":"passed","title":"escapes less-than","duration":0.22749999999996362,"failureMessages":[],"meta":{},"tags":[]},{"ancestorTitles":["escapeHtml"],"fullName":"escapeHtml escapes double quotes","status":"passed","title":"escapes double quotes","duration":0.20190000000002328,"failureMessages":[],"meta":{},"tags":[]},{"ancestorTitles":["escapeHtml"],"fullName":"escapeHtml escapes all special chars in a single string","status":"passed","title":"escapes all special chars in a single string","duration":0.21840000000020154,"failureMessages":[],"meta":{},"tags":[]},{"ancestorTitles":["progressPercent — type progress"],"fullName":"progressPercent — type progress returns 0 for empty tasks","status":"passed","title":"returns 0 for empty tasks","duration":0.35370000000011714,"failureMessages":[],"meta":{},"tags":[]},{"ancestorTitles":["progressPercent — type progress"],"fullName":"progressPercent — type progress returns 0 when all tasks are optional (no required tasks)","status":"passed","title":"returns 0 when all tasks are optional (no required tasks)","duration":0.3114999999997963,"failureMessages":[],"meta":{},"tags":[]},{"ancestorTitles":["progressPercent — type progress"],"fullName":"progressPercent — type progress counts only required tasks in denominator","status":"passed","title":"counts only required tasks in denominator","duration":0.3575999999998203,"failureMessages":[],"meta":{},"tags":[]},{"ancestorTitles":["progressPercent — type progress"],"fullName":"progressPercent — type progress returns 100 when all required tasks are done","status":"passed","title":"returns 100 when all required tasks are done","duration":0.2096999999998843,"failureMessages":[],"meta":{},"tags":[]},{"ancestorTitles":["progressPercent — type progress-bars"],"fullName":"progressPercent — type progress-bars returns 0 for empty bars","status":"passed","title":"returns 0 for empty bars","duration":0.20380000000022847,"failureMessages":[],"meta":{},"tags":[]},{"ancestorTitles":["progressPercent — type progress-bars"],"fullName":"progressPercent — type progress-bars excludes optional bars from the calculation","status":"passed","title":"excludes optional bars from the calculation","duration":0.2659000000003289,"failureMessages":[],"meta":{},"tags":[]},{"ancestorTitles":["progressPercent — type progress-bars"],"fullName":"progressPercent — type progress-bars excludes optional steps from the calculation","status":"passed","title":"excludes optional steps from the calculation","duration":0.1694999999999709,"failureMessages":[],"meta":{},"tags":[]},{"ancestorTitles":["progressPercent — type progress-bars"],"fullName":"progressPercent — type progress-bars returns 0 when all steps are optional","status":"passed","title":"returns 0 when all steps are optional","duration":0.13770000000022264,"failureMessages":[],"meta":{},"tags":[]},{"ancestorTitles":["progressPercent — type list"],"fullName":"progressPercent — type list returns 0 for empty items","status":"passed","title":"returns 0 for empty items","duration":0.12590000000000146,"failureMessages":[],"meta":{},"tags":[]},{"ancestorTitles":["progressPercent — type list"],"fullName":"progressPercent — type list returns 50 when half items are done","status":"passed","title":"returns 50 when half items are done","duration":0.12179999999989377,"failureMessages":[],"meta":{},"tags":[]},{"ancestorTitles":["progressPercent — type list"],"fullName":"progressPercent — type list returns 100 when all items are done","status":"passed","title":"returns 100 when all items are done","duration":0.1115999999997257,"failureMessages":[],"meta":{},"tags":[]},{"ancestorTitles":["progressPercent — other types"],"fullName":"progressPercent — other types returns 0 for unknown type","status":"passed","title":"returns 0 for unknown type","duration":0.12329999999974461,"failureMessages":[],"meta":{},"tags":[]},{"ancestorTitles":["isSuperComplete — type progress"],"fullName":"isSuperComplete — type progress returns false when there are no optional tasks","status":"passed","title":"returns false when there are no optional tasks","duration":0.24620000000004438,"failureMessages":[],"meta":{},"tags":[]},{"ancestorTitles":["isSuperComplete — type progress"],"fullName":"isSuperComplete — type progress returns false when optional tasks exist but none are done","status":"passed","title":"returns false when optional tasks exist but none are done","duration":0.16040000000020882,"failureMessages":[],"meta":{},"tags":[]},{"ancestorTitles":["isSuperComplete — type progress"],"fullName":"isSuperComplete — type progress returns true when all optional tasks are done","status":"passed","title":"returns true when all optional tasks are done","duration":0.16030000000000655,"failureMessages":[],"meta":{},"tags":[]},{"ancestorTitles":["isSuperComplete — type progress"],"fullName":"isSuperComplete — type progress returns false when some optional tasks are not done","status":"passed","title":"returns false when some optional tasks are not done","duration":0.15250000000014552,"failureMessages":[],"meta":{},"tags":[]},{"ancestorTitles":["isSuperComplete — type progress-bars"],"fullName":"isSuperComplete — type progress-bars returns false when no optional bars or optional steps exist","status":"passed","title":"returns false when no optional bars or optional steps exist","duration":0.2096999999998843,"failureMessages":[],"meta":{},"tags":[]},{"ancestorTitles":["isSuperComplete — type progress-bars"],"fullName":"isSuperComplete — type progress-bars returns true when an optional bar has all steps done","status":"passed","title":"returns true when an optional bar has all steps done","duration":0.16780000000017026,"failureMessages":[],"meta":{},"tags":[]},{"ancestorTitles":["isSuperComplete — type progress-bars"],"fullName":"isSuperComplete — type progress-bars returns false when an optional bar has an incomplete step","status":"passed","title":"returns false when an optional bar has an incomplete step","duration":0.1651000000001659,"failureMessages":[],"meta":{},"tags":[]},{"ancestorTitles":["isSuperComplete — type progress-bars"],"fullName":"isSuperComplete — type progress-bars returns true when a required bar has its optional step done","status":"passed","title":"returns true when a required bar has its optional step done","duration":0.1479999999996835,"failureMessages":[],"meta":{},"tags":[]},{"ancestorTitles":["isSuperComplete — type progress-bars"],"fullName":"isSuperComplete — type progress-bars returns false when a required bar has an incomplete optional step","status":"passed","title":"returns false when a required bar has an incomplete optional step","duration":0.1392000000000735,"failureMessages":[],"meta":{},"tags":[]},{"ancestorTitles":["isSuperComplete — other types"],"fullName":"isSuperComplete — other types returns false for type notes","status":"passed","title":"returns false for type notes","duration":0.12379999999984648,"failureMessages":[],"meta":{},"tags":[]},{"ancestorTitles":["groupPagesByType"],"fullName":"groupPagesByType returns empty array for no pages","status":"passed","title":"returns empty array for no pages","duration":0.8699999999998909,"failureMessages":[],"meta":{},"tags":[]},{"ancestorTitles":["groupPagesByType"],"fullName":"groupPagesByType groups pages under their type","status":"passed","title":"groups pages under their type","duration":0.338799999999992,"failureMessages":[],"meta":{},"tags":[]},{"ancestorTitles":["groupPagesByType"],"fullName":"groupPagesByType follows TYPE_ORDER (list before progress before notes)","status":"passed","title":"follows TYPE_ORDER (list before progress before notes)","duration":0.3049999999998363,"failureMessages":[],"meta":{},"tags":[]},{"ancestorTitles":["groupPagesByType"],"fullName":"groupPagesByType uses TYPE_LABELS for known types","status":"passed","title":"uses TYPE_LABELS for known types","duration":0.2088000000003376,"failureMessages":[],"meta":{},"tags":[]},{"ancestorTitles":["groupPagesByType"],"fullName":"groupPagesByType omits pages with types not in TYPE_ORDER","status":"passed","title":"omits pages with types not in TYPE_ORDER","duration":0.22250000000030923,"failureMessages":[],"meta":{},"tags":[]},{"ancestorTitles":["groupPagesByType"],"fullName":"groupPagesByType omits types with no pages","status":"passed","title":"omits types with no pages","duration":0.2610999999997148,"failureMessages":[],"meta":{},"tags":[]}],"startTime":1781312156973,"endTime":1781312156983.305,"status":"passed","message":"","name":"C:/dev/gaming-journal/src/tests/utils.test.ts"}]}